This is pdfTeX, Version 3.141592653-2.6-1.40.25 (MiKTeX 24.1) (preloaded format=pdflatex 2024.9.9)  14 APR 2025 12:54
entering extended mode
 restricted \write18 enabled.
 %&-line parsing enabled.
**./EEE3108_exp01.tex
(EEE3108_exp01.tex
LaTeX2e <2023-11-01> patch level 1
L3 programming layer <2024-01-04>
(C:\Program Files\MiKTeX\tex/latex/base\article.cls
Document Class: article 2023/05/17 v1.4n Standard LaTeX document class
(C:\Program Files\MiKTeX\tex/latex/base\size12.clo
File: size12.clo 2023/05/17 v1.4n Standard LaTeX file (size option)
)
\c@part=\count187
\c@section=\count188
\c@subsection=\count189
\c@subsubsection=\count190
\c@paragraph=\count191
\c@subparagraph=\count192
\c@figure=\count193
\c@table=\count194
\abovecaptionskip=\skip48
\belowcaptionskip=\skip49
\bibindent=\dimen140
)
(C:\Program Files\MiKTeX\tex/latex/graphics\graphicx.sty
Package: graphicx 2021/09/16 v1.2d Enhanced LaTeX Graphics (DPC,SPQR)

(C:\Program Files\MiKTeX\tex/latex/graphics\keyval.sty
Package: keyval 2022/05/29 v1.15 key=value parser (DPC)
\KV@toks@=\toks17
)
(C:\Program Files\MiKTeX\tex/latex/graphics\graphics.sty
Package: graphics 2022/03/10 v1.4e Standard LaTeX Graphics (DPC,SPQR)

(C:\Program Files\MiKTeX\tex/latex/graphics\trig.sty
Package: trig 2021/08/11 v1.11 sin cos tan (DPC)
)
(C:\Program Files\MiKTeX\tex/latex/graphics-cfg\graphics.cfg
File: graphics.cfg 2016/06/04 v1.11 sample graphics configuration
)
Package graphics Info: Driver file: pdftex.def on input line 107.

(C:\Program Files\MiKTeX\tex/latex/graphics-def\pdftex.def
File: pdftex.def 2022/09/22 v1.2b Graphics/color driver for pdftex
))
\Gin@req@height=\dimen141
\Gin@req@width=\dimen142
)
(C:\Program Files\MiKTeX\tex/latex/amsmath\amsmath.sty
Package: amsmath 2023/05/13 v2.17o AMS math features
\@mathmargin=\skip50

For additional information on amsmath, use the `?' option.
(C:\Program Files\MiKTeX\tex/latex/amsmath\amstext.sty
Package: amstext 2021/08/26 v2.01 AMS text

(C:\Program Files\MiKTeX\tex/latex/amsmath\amsgen.sty
File: amsgen.sty 1999/11/30 v2.0 generic functions
\@emptytoks=\toks18
\ex@=\dimen143
))
(C:\Program Files\MiKTeX\tex/latex/amsmath\amsbsy.sty
Package: amsbsy 1999/11/29 v1.2d Bold Symbols
\pmbraise@=\dimen144
)
(C:\Program Files\MiKTeX\tex/latex/amsmath\amsopn.sty
Package: amsopn 2022/04/08 v2.04 operator names
)
\inf@bad=\count195
LaTeX Info: Redefining \frac on input line 234.
\uproot@=\count196
\leftroot@=\count197
LaTeX Info: Redefining \overline on input line 399.
LaTeX Info: Redefining \colon on input line 410.
\classnum@=\count198
\DOTSCASE@=\count199
LaTeX Info: Redefining \ldots on input line 496.
LaTeX Info: Redefining \dots on input line 499.
LaTeX Info: Redefining \cdots on input line 620.
\Mathstrutbox@=\box51
\strutbox@=\box52
LaTeX Info: Redefining \big on input line 722.
LaTeX Info: Redefining \Big on input line 723.
LaTeX Info: Redefining \bigg on input line 724.
LaTeX Info: Redefining \Bigg on input line 725.
\big@size=\dimen145
LaTeX Font Info:    Redeclaring font encoding OML on input line 743.
LaTeX Font Info:    Redeclaring font encoding OMS on input line 744.
\macc@depth=\count266
LaTeX Info: Redefining \bmod on input line 905.
LaTeX Info: Redefining \pmod on input line 910.
LaTeX Info: Redefining \smash on input line 940.
LaTeX Info: Redefining \relbar on input line 970.
LaTeX Info: Redefining \Relbar on input line 971.
\c@MaxMatrixCols=\count267
\dotsspace@=\muskip16
\c@parentequation=\count268
\dspbrk@lvl=\count269
\tag@help=\toks19
\row@=\count270
\column@=\count271
\maxfields@=\count272
\andhelp@=\toks20
\eqnshift@=\dimen146
\alignsep@=\dimen147
\tagshift@=\dimen148
\tagwidth@=\dimen149
\totwidth@=\dimen150
\lineht@=\dimen151
\@envbody=\toks21
\multlinegap=\skip51
\multlinetaggap=\skip52
\mathdisplay@stack=\toks22
LaTeX Info: Redefining \[ on input line 2953.
LaTeX Info: Redefining \] on input line 2954.
)
(C:\Program Files\MiKTeX\tex/latex/amsfonts\amssymb.sty
Package: amssymb 2013/01/14 v3.01 AMS font symbols

(C:\Program Files\MiKTeX\tex/latex/amsfonts\amsfonts.sty
Package: amsfonts 2013/01/14 v3.01 Basic AMSFonts support
\symAMSa=\mathgroup4
\symAMSb=\mathgroup5
LaTeX Font Info:    Redeclaring math symbol \hbar on input line 98.
LaTeX Font Info:    Overwriting math alphabet `\mathfrak' in version `bold'
(Font)                  U/euf/m/n --> U/euf/b/n on input line 106.
))
(C:\Program Files\MiKTeX\tex/latex/caption\subcaption.sty
Package: subcaption 2023/07/28 v1.6b Sub-captions (AR)

(C:\Program Files\MiKTeX\tex/latex/caption\caption.sty
Package: caption 2023/08/05 v3.6o Customizing captions (AR)

(C:\Program Files\MiKTeX\tex/latex/caption\caption3.sty
Package: caption3 2023/07/31 v2.4d caption3 kernel (AR)
\caption@tempdima=\dimen152
\captionmargin=\dimen153
\caption@leftmargin=\dimen154
\caption@rightmargin=\dimen155
\caption@width=\dimen156
\caption@indent=\dimen157
\caption@parindent=\dimen158
\caption@hangindent=\dimen159
Package caption Info: Standard document class detected.
)
\c@caption@flags=\count273
\c@continuedfloat=\count274
)
Package caption Info: New subtype `subfigure' on input line 238.
\c@subfigure=\count275
Package caption Info: New subtype `subtable' on input line 238.
\c@subtable=\count276
)
(C:\Program Files\MiKTeX\tex/latex/geometry\geometry.sty
Package: geometry 2020/01/02 v5.9 Page Geometry

(C:\Program Files\MiKTeX\tex/generic/iftex\ifvtex.sty
Package: ifvtex 2019/10/25 v1.7 ifvtex legacy package. Use iftex instead.

(C:\Program Files\MiKTeX\tex/generic/iftex\iftex.sty
Package: iftex 2022/02/03 v1.0f TeX engine tests
))
\Gm@cnth=\count277
\Gm@cntv=\count278
\c@Gm@tempcnt=\count279
\Gm@bindingoffset=\dimen160
\Gm@wd@mp=\dimen161
\Gm@odd@mp=\dimen162
\Gm@even@mp=\dimen163
\Gm@layoutwidth=\dimen164
\Gm@layoutheight=\dimen165
\Gm@layouthoffset=\dimen166
\Gm@layoutvoffset=\dimen167
\Gm@dimlist=\toks23

(C:\Program Files\MiKTeX\tex/latex/geometry\geometry.cfg))
(C:\Program Files\MiKTeX\tex/latex/psnfss\times.sty
Package: times 2020/03/25 PSNFSS-v9.3 (SPQR) 
)
(C:\Program Files\MiKTeX\tex/latex/float\float.sty
Package: float 2001/11/08 v1.3d Float enhancements (AL)
\c@float@type=\count280
\float@exts=\toks24
\float@box=\box53
\@float@everytoks=\toks25
\@floatcapt=\box54
)
(C:\Program Files\MiKTeX\tex/latex/listings\listings.sty
\lst@mode=\count281
\lst@gtempboxa=\box55
\lst@token=\toks26
\lst@length=\count282
\lst@currlwidth=\dimen168
\lst@column=\count283
\lst@pos=\count284
\lst@lostspace=\dimen169
\lst@width=\dimen170
\lst@newlines=\count285
\lst@lineno=\count286
\lst@maxwidth=\dimen171

(C:\Program Files\MiKTeX\tex/latex/listings\lstmisc.sty
File: lstmisc.sty 2023/02/27 1.9 (Carsten Heinz)
\c@lstnumber=\count287
\lst@skipnumbers=\count288
\lst@framebox=\box56
)
(C:\Program Files\MiKTeX\tex/latex/listings\listings.cfg
File: listings.cfg 2023/02/27 1.9 listings configuration
))
Package: listings 2023/02/27 1.9 (Carsten Heinz)

(C:\Program Files\MiKTeX\tex/latex/xcolor\xcolor.sty
Package: xcolor 2023/11/15 v3.01 LaTeX color extensions (UK)

(C:\Program Files\MiKTeX\tex/latex/graphics-cfg\color.cfg
File: color.cfg 2016/01/02 v1.6 sample color configuration
)
Package xcolor Info: Driver file: pdftex.def on input line 274.

(C:\Program Files\MiKTeX\tex/latex/graphics\mathcolor.ltx)
Package xcolor Info: Model `cmy' substituted by `cmy0' on input line 1350.
Package xcolor Info: Model `hsb' substituted by `rgb' on input line 1354.
Package xcolor Info: Model `RGB' extended on input line 1366.
Package xcolor Info: Model `HTML' substituted by `rgb' on input line 1368.
Package xcolor Info: Model `Hsb' substituted by `hsb' on input line 1369.
Package xcolor Info: Model `tHsb' substituted by `hsb' on input line 1370.
Package xcolor Info: Model `HSB' substituted by `hsb' on input line 1371.
Package xcolor Info: Model `Gray' substituted by `gray' on input line 1372.
Package xcolor Info: Model `wave' substituted by `hsb' on input line 1373.
)
LaTeX Font Info:    Trying to load font information for OT1+ptm on input line 3
1.

(C:\Program Files\MiKTeX\tex/latex/psnfss\ot1ptm.fd
File: ot1ptm.fd 2001/06/04 font definitions for OT1/ptm.
)
(C:\Program Files\MiKTeX\tex/latex/l3backend\l3backend-pdftex.def
File: l3backend-pdftex.def 2024-01-04 L3 backend support: PDF output (pdfTeX)
\l__color_backend_stack_int=\count289
\l__pdf_internal_box=\box57
)
(EEE3108_exp01.aux

LaTeX Warning: Label `tab:2' multiply defined.

)
\openout1 = `EEE3108_exp01.aux'.

LaTeX Font Info:    Checking defaults for OML/cmm/m/it on input line 31.
LaTeX Font Info:    ... okay on input line 31.
LaTeX Font Info:    Checking defaults for OMS/cmsy/m/n on input line 31.
LaTeX Font Info:    ... okay on input line 31.
LaTeX Font Info:    Checking defaults for OT1/cmr/m/n on input line 31.
LaTeX Font Info:    ... okay on input line 31.
LaTeX Font Info:    Checking defaults for T1/cmr/m/n on input line 31.
LaTeX Font Info:    ... okay on input line 31.
LaTeX Font Info:    Checking defaults for TS1/cmr/m/n on input line 31.
LaTeX Font Info:    ... okay on input line 31.
LaTeX Font Info:    Checking defaults for OMX/cmex/m/n on input line 31.
LaTeX Font Info:    ... okay on input line 31.
LaTeX Font Info:    Checking defaults for U/cmr/m/n on input line 31.
LaTeX Font Info:    ... okay on input line 31.
 (C:\Program Files\MiKTeX\tex/context/base/mkii\supp-pdf.mkii
[Loading MPS to PDF converter (version 2006.09.02).]
\scratchcounter=\count290
\scratchdimen=\dimen172
\scratchbox=\box58
\nofMPsegments=\count291
\nofMParguments=\count292
\everyMPshowfont=\toks27
\MPscratchCnt=\count293
\MPscratchDim=\dimen173
\MPnumerator=\count294
\makeMPintoPDFobject=\count295
\everyMPtoPDFconversion=\toks28
) (C:\Program Files\MiKTeX\tex/latex/epstopdf-pkg\epstopdf-base.sty
Package: epstopdf-base 2020-01-24 v2.11 Base part for package epstopdf
Package epstopdf-base Info: Redefining graphics rule for `.eps' on input line 4
85.

(C:\Program Files\MiKTeX\tex/latex/00miktex\epstopdf-sys.cfg
File: epstopdf-sys.cfg 2021/03/18 v2.0 Configuration of epstopdf for MiKTeX
))
Package caption Info: Begin \AtBeginDocument code.
Package caption Info: float package is loaded.
Package caption Info: listings package is loaded.
Package caption Info: End \AtBeginDocument code.

*geometry* driver: auto-detecting
*geometry* detected driver: pdftex
*geometry* verbose mode - [ preamble ] result:
* driver: pdftex
* paper: a4paper
* layout: <same size as paper>
* layoutoffset:(h,v)=(0.0pt,0.0pt)
* modes: 
* h-part:(L,W,R)=(79.49744pt, 460.19423pt, 57.81621pt)
* v-part:(T,H,B)=(72.26999pt, 714.96065pt, 57.81621pt)
* \paperwidth=597.50787pt
* \paperheight=845.04684pt
* \textwidth=460.19423pt
* \textheight=714.96065pt
* \oddsidemargin=7.22745pt
* \evensidemargin=7.22745pt
* \topmargin=-37.0pt
* \headheight=12.0pt
* \headsep=25.0pt
* \topskip=12.0pt
* \footskip=30.0pt
* \marginparwidth=35.0pt
* \marginparsep=10.0pt
* \columnsep=10.0pt
* \skip\footins=10.8pt plus 4.0pt minus 2.0pt
* \hoffset=0.0pt
* \voffset=0.0pt
* \mag=1000
* \@twocolumnfalse
* \@twosidefalse
* \@mparswitchfalse
* \@reversemarginfalse
* (1in=72.27pt=25.4mm, 1cm=28.453pt)

\c@lstlisting=\count296
LaTeX Font Info:    Trying to load font information for TS1+ptm on input line 4
2.
(C:\Program Files\MiKTeX\tex/latex/psnfss\ts1ptm.fd
File: ts1ptm.fd 2001/06/04 font definitions for TS1/ptm.
) [1

{C:/Users/win-11/AppData/Local/MiKTeX/fonts/map/pdftex/pdftex.map}{C:/Program F
iles/MiKTeX/fonts/enc/dvips/base/8r.enc}]
<Images/5.jpeg, id=7, 4047.12pt x 2016.53375pt>
File: Images/5.jpeg Graphic file (type jpg)
<use Images/5.jpeg>
Package pdftex.def Info: Images/5.jpeg  used on input line 71.
(pdftex.def)             Requested size: 322.10886pt x 142.9872pt.
<Images/6.jpeg, id=8, 4047.12pt x 2136.98375pt>
File: Images/6.jpeg Graphic file (type jpg)
<use Images/6.jpeg>
Package pdftex.def Info: Images/6.jpeg  used on input line 89.
(pdftex.def)             Requested size: 322.10886pt x 142.98477pt.
LaTeX Font Info:    Trying to load font information for U+msa on input line 98.

 (C:\Program Files\MiKTeX\tex/latex/amsfonts\umsa.fd
File: umsa.fd 2013/01/14 v3.01 AMS symbols A
)
LaTeX Font Info:    Trying to load font information for U+msb on input line 98.


(C:\Program Files\MiKTeX\tex/latex/amsfonts\umsb.fd
File: umsb.fd 2013/01/14 v3.01 AMS symbols B
) [2 <./Images/5.jpeg> <./Images/6.jpeg>]
<Images/7.jpeg, id=12, 2958.05125pt x 2276.505pt>
File: Images/7.jpeg Graphic file (type jpg)
<use Images/7.jpeg>
Package pdftex.def Info: Images/7.jpeg  used on input line 140.
(pdftex.def)             Requested size: 322.0917pt x 178.71992pt.

Overfull \hbox (17.17104pt too wide) in paragraph at lines 158--159
 [][] 
 []

[3 <./Images/7.jpeg>]
<Images/8.jpeg, id=16, 3487.0275pt x 1726.45pt>
File: Images/8.jpeg Graphic file (type jpg)
<use Images/8.jpeg>
Package pdftex.def Info: Images/8.jpeg  used on input line 167.
(pdftex.def)             Requested size: 276.09468pt x 142.96602pt.
 [4 <./Images/8.jpeg>]
<Images/9.jpeg, id=21, 4047.12pt x 1968.35374pt>
File: Images/9.jpeg Graphic file (type jpg)
<use Images/9.jpeg>
Package pdftex.def Info: Images/9.jpeg  used on input line 192.
(pdftex.def)             Requested size: 322.10886pt x 142.9648pt.
<Images/13.jpeg, id=22, 3044.37375pt x 2228.325pt>
File: Images/13.jpeg Graphic file (type jpg)
<use Images/13.jpeg>
Package pdftex.def Info: Images/13.jpeg  used on input line 213.
(pdftex.def)             Requested size: 230.0834pt x 142.97612pt.
<Images/15.jpeg, id=23, 4047.12pt x 2276.505pt>
File: Images/15.jpeg Graphic file (type jpg)
<use Images/15.jpeg>
Package pdftex.def Info: Images/15.jpeg  used on input line 236.
(pdftex.def)             Requested size: 147.26552pt x 82.8121pt.
<Images/16.jpeg, id=24, 4047.12pt x 2276.505pt>
File: Images/16.jpeg Graphic file (type jpg)
<use Images/16.jpeg>
Package pdftex.def Info: Images/16.jpeg  used on input line 243.
(pdftex.def)             Requested size: 147.26552pt x 82.8121pt.
<Images/17.jpeg, id=25, 4047.12pt x 2276.505pt>
File: Images/17.jpeg Graphic file (type jpg)
<use Images/17.jpeg>
Package pdftex.def Info: Images/17.jpeg  used on input line 249.
(pdftex.def)             Requested size: 147.26552pt x 82.8121pt.
 [5 <./Images/9.jpeg> <./Images/13.jpeg>]
Overfull \hbox (9.15833pt too wide) in paragraph at lines 276--277
 [][] 
 []

<Images/14.jpeg, id=29, 1534.73375pt x 1606.0pt>
File: Images/14.jpeg Graphic file (type jpg)
<use Images/14.jpeg>
Package pdftex.def Info: Images/14.jpeg  used on input line 286.
(pdftex.def)             Requested size: 184.06644pt x 142.98991pt.
[6 <./Images/15.jpeg> <./Images/16.jpeg> <./Images/17.jpeg> <./Images/14.jpeg>]
<Images/10.jpeg, id=33, 1198.4775pt x 1606.0pt>
File: Images/10.jpeg Graphic file (type jpg)
<use Images/10.jpeg>
Package pdftex.def Info: Images/10.jpeg  used on input line 314.
(pdftex.def)             Requested size: 124.25284pt x 166.49074pt.
<Images/11.jpeg, id=34, 2276.505pt x 4047.12pt>
File: Images/11.jpeg Graphic file (type jpg)
<use Images/11.jpeg>
Package pdftex.def Info: Images/11.jpeg  used on input line 321.
(pdftex.def)             Requested size: 96.64133pt x 171.79962pt.
<Images/12.jpeg, id=35, 1593.955pt x 1606.0pt>
File: Images/12.jpeg Graphic file (type jpg)
<use Images/12.jpeg>
Package pdftex.def Info: Images/12.jpeg  used on input line 327.
(pdftex.def)             Requested size: 138.05966pt x 139.09352pt.
[7 <./Images/10.jpeg> <./Images/11.jpeg> <./Images/12.jpeg>]
<Images/3.jpeg, id=43, 2276.505pt x 2961.0625pt>
File: Images/3.jpeg Graphic file (type jpg)
<use Images/3.jpeg>
Package pdftex.def Info: Images/3.jpeg  used on input line 351.
(pdftex.def)             Requested size: 207.06502pt x 250.21857pt.
 [8 <./Images/3.jpeg>]
<Images/1.jpeg, id=47, 2177.13374pt x 2813.51125pt>
File: Images/1.jpeg Graphic file (type jpg)
<use Images/1.jpeg>
Package pdftex.def Info: Images/1.jpeg  used on input line 380.
(pdftex.def)             Requested size: 154.6232pt x 199.79933pt.
<Images/2.jpeg, id=48, 4047.12pt x 2276.505pt>
File: Images/2.jpeg Graphic file (type jpg)
<use Images/2.jpeg>
Package pdftex.def Info: Images/2.jpeg  used on input line 387.
(pdftex.def)             Requested size: 220.89125pt x 124.21817pt.
 [9 <./Images/1.jpeg> <./Images/2.jpeg>] (EEE3108_exp01.aux)
 ***********
LaTeX2e <2023-11-01> patch level 1
L3 programming layer <2024-01-04>
 ***********


LaTeX Warning: There were multiply-defined labels.

 ) 
Here is how much of TeX's memory you used:
 6852 strings out of 474486
 107316 string characters out of 5753568
 1939542 words of memory out of 5000000
 29081 multiletter control sequences out of 15000+600000
 573638 words of font info for 73 fonts, out of 8000000 for 9000
 1141 hyphenation exceptions out of 8191
 67i,9n,77p,532b,539s stack positions out of 10000i,1000n,20000p,200000b,200000s
<C:/Program Files/MiKTeX/fonts/type1/public/amsfonts/cm/cmmi12.pfb><C:/Progra
m Files/MiKTeX/fonts/type1/public/amsfonts/cm/cmr10.pfb><C:/Program Files/MiKTe
X/fonts/type1/public/amsfonts/cm/cmr12.pfb><C:/Program Files/MiKTeX/fonts/type1
/public/amsfonts/cm/cmsy10.pfb><C:/Program Files/MiKTeX/fonts/type1/urw/times/u
tmb8a.pfb><C:/Program Files/MiKTeX/fonts/type1/urw/times/utmr8a.pfb>
Output written on EEE3108_exp01.pdf (9 pages, 6425412 bytes).
PDF statistics:
 79 PDF objects out of 1000 (max. 8388607)
 0 named destinations out of 1000 (max. 500000)
 81 words of extra memory for PDF output out of 10000 (max. 10000000)

