\BOOKMARK [0][-]{part.1}{\376\377\000I\000\040\000P\000o\000w\000e\000r\000\040\000S\000y\000s\000t\000e\000m\000\040\000I\000\040\000\050\000E\000E\000E\000\040\0003\0002\0001\0001\000\051}{}% 1
\BOOKMARK [1][-]{section.1}{\376\377\000P\000e\000r\000-\000U\000n\000i\000t\000\040\000S\000y\000s\000t\000e\000m\000\040\000\046\000\040\000I\000m\000p\000e\000d\000a\000n\000c\000e\000\040\000D\000i\000a\000g\000r\000a\000m\000s}{part.1}% 2
\BOOKMARK [2][-]{subsection.1.1}{\376\377\000Y\000e\000a\000r\000\040\0002\0000\0002\0001}{section.1}% 3
\BOOKMARK [2][-]{subsection.1.2}{\376\377\000Y\000e\000a\000r\000\040\0002\0000\0001\0009}{section.1}% 4
\BOOKMARK [2][-]{subsection.1.3}{\376\377\000Y\000e\000a\000r\000\040\0002\0000\0001\0007}{section.1}% 5
\BOOKMARK [2][-]{subsection.1.4}{\376\377\000Y\000e\000a\000r\000\040\0002\0000\0001\0006}{section.1}% 6
\BOOKMARK [1][-]{section.2}{\376\377\000T\000r\000a\000n\000s\000m\000i\000s\000s\000i\000o\000n\000\040\000L\000i\000n\000e\000\040\000P\000a\000r\000a\000m\000e\000t\000e\000r\000s\000\040\000\046\000\040\000P\000e\000r\000f\000o\000r\000m\000a\000n\000c\000e}{part.1}% 7
\BOOKMARK [2][-]{subsection.2.1}{\376\377\000Y\000e\000a\000r\000\040\0002\0000\0002\0001}{section.2}% 8
\BOOKMARK [2][-]{subsection.2.2}{\376\377\000Y\000e\000a\000r\000\040\0002\0000\0002\0000}{section.2}% 9
\BOOKMARK [2][-]{subsection.2.3}{\376\377\000Y\000e\000a\000r\000\040\0002\0000\0001\0007}{section.2}% 10
\BOOKMARK [1][-]{section.3}{\376\377\000L\000o\000a\000d\000\040\000F\000l\000o\000w\000\040\000A\000n\000a\000l\000y\000s\000i\000s}{part.1}% 11
\BOOKMARK [2][-]{subsection.3.1}{\376\377\000Y\000e\000a\000r\000\040\0002\0000\0002\0001}{section.3}% 12
\BOOKMARK [2][-]{subsection.3.2}{\376\377\000Y\000e\000a\000r\000\040\0002\0000\0002\0000}{section.3}% 13
\BOOKMARK [2][-]{subsection.3.3}{\376\377\000Y\000e\000a\000r\000\040\0002\0000\0001\0009}{section.3}% 14
\BOOKMARK [1][-]{section.4}{\376\377\000S\000y\000m\000m\000e\000t\000r\000i\000c\000a\000l\000\040\000\046\000\040\000A\000s\000y\000m\000m\000e\000t\000r\000i\000c\000a\000l\000\040\000F\000a\000u\000l\000t\000s}{part.1}% 15
\BOOKMARK [2][-]{subsection.4.1}{\376\377\000Y\000e\000a\000r\000\040\0002\0000\0002\0001}{section.4}% 16
\BOOKMARK [2][-]{subsection.4.2}{\376\377\000Y\000e\000a\000r\000\040\0002\0000\0002\0000}{section.4}% 17
\BOOKMARK [2][-]{subsection.4.3}{\376\377\000Y\000e\000a\000r\000\040\0002\0000\0001\0008}{section.4}% 18
\BOOKMARK [2][-]{subsection.4.4}{\376\377\000Y\000e\000a\000r\000\040\0002\0000\0001\0006}{section.4}% 19
\BOOKMARK [0][-]{part.2}{\376\377\000I\000I\000\040\000P\000o\000w\000e\000r\000\040\000S\000y\000s\000t\000e\000m\000\040\000I\000I\000\040\000\050\000E\000E\000E\000\040\0004\0001\0004\0001\000\051}{}% 20
\BOOKMARK [1][-]{section.5}{\376\377\000P\000o\000w\000e\000r\000\040\000S\000y\000s\000t\000e\000m\000\040\000S\000t\000a\000b\000i\000l\000i\000t\000y}{part.2}% 21
\BOOKMARK [2][-]{subsection.5.1}{\376\377\000Y\000e\000a\000r\000\040\0002\0000\0002\0001}{section.5}% 22
\BOOKMARK [2][-]{subsection.5.2}{\376\377\000Y\000e\000a\000r\000\040\0002\0000\0002\0000}{section.5}% 23
\BOOKMARK [2][-]{subsection.5.3}{\376\377\000Y\000e\000a\000r\000\040\0002\0000\0001\0008}{section.5}% 24
\BOOKMARK [1][-]{section.6}{\376\377\000O\000v\000e\000r\000h\000e\000a\000d\000\040\000T\000r\000a\000n\000s\000m\000i\000s\000s\000i\000o\000n\000\040\000L\000i\000n\000e\000s\000\040\000\050\000I\000n\000s\000u\000l\000a\000t\000o\000r\000s\000,\000\040\000S\000a\000g\000,\000\040\000C\000o\000r\000o\000n\000a\000\051}{part.2}% 25
\BOOKMARK [2][-]{subsection.6.1}{\376\377\000Y\000e\000a\000r\000\040\0002\0000\0002\0001}{section.6}% 26
\BOOKMARK [2][-]{subsection.6.2}{\376\377\000Y\000e\000a\000r\000\040\0002\0000\0001\0009}{section.6}% 27
\BOOKMARK [2][-]{subsection.6.3}{\376\377\000Y\000e\000a\000r\000\040\0002\0000\0001\0008}{section.6}% 28
\BOOKMARK [2][-]{subsection.6.4}{\376\377\000Y\000e\000a\000r\000\040\0002\0000\0001\0007}{section.6}% 29
\BOOKMARK [1][-]{section.7}{\376\377\000U\000n\000d\000e\000r\000g\000r\000o\000u\000n\000d\000\040\000C\000a\000b\000l\000e\000s}{part.2}% 30
\BOOKMARK [2][-]{subsection.7.1}{\376\377\000Y\000e\000a\000r\000\040\0002\0000\0002\0001}{section.7}% 31
\BOOKMARK [2][-]{subsection.7.2}{\376\377\000Y\000e\000a\000r\000\040\0002\0000\0002\0000}{section.7}% 32
\BOOKMARK [1][-]{section.8}{\376\377\000D\000i\000s\000t\000r\000i\000b\000u\000t\000i\000o\000n\000\040\000S\000y\000s\000t\000e\000m\000s\000\040\000\050\000A\000C\000\040\000\046\000\040\000D\000C\000\051}{part.2}% 33
\BOOKMARK [2][-]{subsection.8.1}{\376\377\000Y\000e\000a\000r\000\040\0002\0000\0002\0001}{section.8}% 34
\BOOKMARK [2][-]{subsection.8.2}{\376\377\000Y\000e\000a\000r\000\040\0002\0000\0001\0009}{section.8}% 35
\BOOKMARK [2][-]{subsection.8.3}{\376\377\000Y\000e\000a\000r\000\040\0002\0000\0001\0007}{section.8}% 36
\BOOKMARK [1][-]{section.9}{\376\377\000F\000A\000C\000T\000S\000\040\000\046\000\040\000H\000V\000D\000C}{part.2}% 37
\BOOKMARK [2][-]{subsection.9.1}{\376\377\000Y\000e\000a\000r\000\040\0002\0000\0002\0001}{section.9}% 38
\BOOKMARK [2][-]{subsection.9.2}{\376\377\000Y\000e\000a\000r\000\040\0002\0000\0001\0009}{section.9}% 39
\BOOKMARK [2][-]{subsection.9.3}{\376\377\000Y\000e\000a\000r\000\040\0002\0000\0001\0008}{section.9}% 40
